<?xml version="1.0" encoding="UTF-8"?>
<coverage generated="1697597297617" clover="3.2.0">
  <project timestamp="1697597297617" name="All files">
    <metrics statements="92" coveredstatements="80" conditionals="26" coveredconditionals="18" methods="39" coveredmethods="34" elements="157" coveredelements="132" complexity="0" loc="92" ncloc="92" packages="3" files="3" classes="3"/>
    <package name="todo-data-storage">
      <metrics statements="36" coveredstatements="26" conditionals="12" coveredconditionals="8" methods="11" coveredmethods="7"/>
      <file name="app.js" path="/Users/shimoyama/Desktop/Practice/hands-on-node/ch08/todo-data-storage/app.js">
        <metrics statements="36" coveredstatements="26" conditionals="12" coveredconditionals="8" methods="11" coveredmethods="7"/>
        <line num="2" count="1" type="stmt"/>
        <line num="3" count="1" type="stmt"/>
        <line num="5" count="1" type="stmt"/>
        <line num="7" count="1" type="stmt"/>
        <line num="9" count="1" type="stmt"/>
        <line num="12" count="1" type="stmt"/>
        <line num="13" count="5" type="cond" truecount="2" falsecount="0"/>
        <line num="14" count="2" type="stmt"/>
        <line num="16" count="3" type="stmt"/>
        <line num="17" count="3" type="stmt"/>
        <line num="19" count="2" type="stmt"/>
        <line num="23" count="1" type="stmt"/>
        <line num="24" count="4" type="stmt"/>
        <line num="25" count="4" type="cond" truecount="4" falsecount="0"/>
        <line num="27" count="2" type="stmt"/>
        <line num="28" count="2" type="stmt"/>
        <line num="29" count="2" type="stmt"/>
        <line num="31" count="2" type="stmt"/>
        <line num="32" count="2" type="stmt"/>
        <line num="37" count="2" type="stmt"/>
        <line num="38" count="0" type="stmt"/>
        <line num="39" count="0" type="cond" truecount="0" falsecount="2"/>
        <line num="41" count="0" type="stmt"/>
        <line num="42" count="0" type="stmt"/>
        <line num="43" count="0" type="stmt"/>
        <line num="48" count="1" type="stmt"/>
        <line num="53" count="1" type="stmt"/>
        <line num="54" count="0" type="stmt"/>
        <line num="55" count="0" type="cond" truecount="0" falsecount="2"/>
        <line num="57" count="0" type="stmt"/>
        <line num="58" count="0" type="stmt"/>
        <line num="59" count="0" type="stmt"/>
        <line num="64" count="1" type="stmt"/>
        <line num="65" count="5" type="stmt"/>
        <line num="66" count="5" type="cond" truecount="2" falsecount="0"/>
        <line num="69" count="1" type="stmt"/>
      </file>
    </package>
    <package name="todo-data-storage.file-system">
      <metrics statements="22" coveredstatements="22" conditionals="4" coveredconditionals="2" methods="14" coveredmethods="14"/>
      <file name="index.js" path="/Users/shimoyama/Desktop/Practice/hands-on-node/ch08/todo-data-storage/file-system/index.js">
        <metrics statements="22" coveredstatements="22" conditionals="4" coveredconditionals="2" methods="14" coveredmethods="14"/>
        <line num="2" count="2" type="stmt"/>
        <line num="3" count="2" type="stmt"/>
        <line num="5" count="2" type="stmt"/>
        <line num="7" count="21" type="stmt"/>
        <line num="8" count="59" type="stmt"/>
        <line num="10" count="21" type="stmt"/>
        <line num="12" count="38" type="stmt"/>
        <line num="17" count="2" type="stmt"/>
        <line num="18" count="10" type="stmt"/>
        <line num="20" count="18" type="stmt"/>
        <line num="22" count="2" type="stmt"/>
        <line num="23" count="14" type="stmt"/>
        <line num="25" count="2" type="stmt"/>
        <line num="26" count="3" type="stmt"/>
        <line num="27" count="3" type="stmt"/>
        <line num="29" count="2" type="stmt"/>
        <line num="33" count="2" type="stmt"/>
        <line num="36" count="1" type="cond" truecount="1" falsecount="1"/>
        <line num="40" count="2" type="stmt"/>
        <line num="41" count="15" type="stmt"/>
        <line num="42" count="14" type="stmt"/>
        <line num="44" count="1" type="cond" truecount="1" falsecount="1"/>
      </file>
    </package>
    <package name="todo-data-storage.sqlite">
      <metrics statements="34" coveredstatements="32" conditionals="10" coveredconditionals="8" methods="14" coveredmethods="13"/>
      <file name="index.js" path="/Users/shimoyama/Desktop/Practice/hands-on-node/ch08/todo-data-storage/sqlite/index.js">
        <metrics statements="34" coveredstatements="32" conditionals="10" coveredconditionals="8" methods="14" coveredmethods="13"/>
        <line num="2" count="1" type="stmt"/>
        <line num="3" count="1" type="stmt"/>
        <line num="5" count="1" type="cond" truecount="1" falsecount="1"/>
        <line num="10" count="1" type="stmt"/>
        <line num="13" count="1" type="stmt"/>
        <line num="14" count="1" type="stmt"/>
        <line num="15" count="33" type="stmt"/>
        <line num="16" count="33" type="stmt"/>
        <line num="19" count="33" type="cond" truecount="1" falsecount="1"/>
        <line num="24" count="1" type="stmt"/>
        <line num="28" count="1" type="stmt"/>
        <line num="34" count="0" type="stmt"/>
        <line num="35" count="0" type="stmt"/>
        <line num="42" count="31" type="stmt"/>
        <line num="45" count="1" type="stmt"/>
        <line num="46" count="11" type="stmt"/>
        <line num="50" count="1" type="stmt"/>
        <line num="51" count="10" type="stmt"/>
        <line num="52" count="10" type="stmt"/>
        <line num="57" count="1" type="stmt"/>
        <line num="58" count="14" type="stmt"/>
        <line num="68" count="1" type="stmt"/>
        <line num="69" count="3" type="stmt"/>
        <line num="70" count="3" type="stmt"/>
        <line num="71" count="3" type="stmt"/>
        <line num="72" count="6" type="cond" truecount="2" falsecount="0"/>
        <line num="73" count="3" type="stmt"/>
        <line num="74" count="3" type="stmt"/>
        <line num="77" count="3" type="stmt"/>
        <line num="78" count="3" type="stmt"/>
        <line num="82" count="3" type="cond" truecount="2" falsecount="0"/>
        <line num="90" count="1" type="stmt"/>
        <line num="91" count="15" type="stmt"/>
        <line num="92" count="15" type="cond" truecount="2" falsecount="0"/>
      </file>
    </package>
  </project>
</coverage>
