{"/Users/shimoyama/Desktop/Practice/hands-on-node/ch08/todo-data-storage/app.js": {"path":"/Users/shimoyama/Desktop/Practice/hands-on-node/ch08/todo-data-storage/app.js","statementMap":{"0":{"start":{"line":2,"column":16},"end":{"line":2,"column":34}},"1":{"start":{"line":3,"column":23},"end":{"line":3,"column":38}},"2":{"start":{"line":5,"column":20},"end":{"line":5,"column":67}},"3":{"start":{"line":7,"column":12},"end":{"line":7,"column":21}},"4":{"start":{"line":9,"column":0},"end":{"line":9,"column":24}},"5":{"start":{"line":12,"column":0},"end":{"line":20,"column":3}},"6":{"start":{"line":13,"column":1},"end":{"line":14,"column":71}},"7":{"start":{"line":14,"column":2},"end":{"line":14,"column":71}},"8":{"start":{"line":14,"column":48},"end":{"line":14,"column":63}},"9":{"start":{"line":16,"column":19},"end":{"line":16,"column":49}},"10":{"start":{"line":17,"column":1},"end":{"line":19,"column":42}},"11":{"start":{"line":19,"column":19},"end":{"line":19,"column":34}},"12":{"start":{"line":23,"column":0},"end":{"line":33,"column":3}},"13":{"start":{"line":24,"column":19},"end":{"line":24,"column":27}},"14":{"start":{"line":25,"column":1},"end":{"line":30,"column":2}},"15":{"start":{"line":27,"column":14},"end":{"line":27,"column":44}},"16":{"start":{"line":28,"column":2},"end":{"line":28,"column":23}},"17":{"start":{"line":29,"column":2},"end":{"line":29,"column":19}},"18":{"start":{"line":31,"column":14},"end":{"line":31,"column":55}},"19":{"start":{"line":32,"column":1},"end":{"line":32,"column":71}},"20":{"start":{"line":32,"column":37},"end":{"line":32,"column":63}},"21":{"start":{"line":37,"column":1},"end":{"line":44,"column":11}},"22":{"start":{"line":38,"column":2},"end":{"line":44,"column":10}},"23":{"start":{"line":39,"column":3},"end":{"line":39,"column":35}},"24":{"start":{"line":39,"column":13},"end":{"line":39,"column":35}},"25":{"start":{"line":41,"column":15},"end":{"line":41,"column":42}},"26":{"start":{"line":42,"column":3},"end":{"line":42,"column":24}},"27":{"start":{"line":43,"column":3},"end":{"line":43,"column":13}},"28":{"start":{"line":48,"column":0},"end":{"line":50,"column":34}},"29":{"start":{"line":53,"column":0},"end":{"line":61,"column":2}},"30":{"start":{"line":54,"column":1},"end":{"line":60,"column":9}},"31":{"start":{"line":55,"column":2},"end":{"line":55,"column":48}},"32":{"start":{"line":55,"column":19},"end":{"line":55,"column":48}},"33":{"start":{"line":57,"column":14},"end":{"line":57,"column":41}},"34":{"start":{"line":58,"column":2},"end":{"line":58,"column":23}},"35":{"start":{"line":59,"column":2},"end":{"line":59,"column":12}},"36":{"start":{"line":64,"column":0},"end":{"line":67,"column":3}},"37":{"start":{"line":65,"column":1},"end":{"line":65,"column":20}},"38":{"start":{"line":66,"column":1},"end":{"line":66,"column":64}},"39":{"start":{"line":69,"column":0},"end":{"line":69,"column":34}}},"fnMap":{"0":{"name":"(anonymous_0)","decl":{"start":{"line":12,"column":22},"end":{"line":12,"column":23}},"loc":{"start":{"line":12,"column":42},"end":{"line":20,"column":1}},"line":12},"1":{"name":"(anonymous_1)","decl":{"start":{"line":14,"column":37},"end":{"line":14,"column":38}},"loc":{"start":{"line":14,"column":48},"end":{"line":14,"column":63}},"line":14},"2":{"name":"(anonymous_2)","decl":{"start":{"line":19,"column":8},"end":{"line":19,"column":9}},"loc":{"start":{"line":19,"column":19},"end":{"line":19,"column":34}},"line":19},"3":{"name":"(anonymous_3)","decl":{"start":{"line":23,"column":23},"end":{"line":23,"column":24}},"loc":{"start":{"line":23,"column":43},"end":{"line":33,"column":1}},"line":23},"4":{"name":"(anonymous_4)","decl":{"start":{"line":32,"column":31},"end":{"line":32,"column":32}},"loc":{"start":{"line":32,"column":37},"end":{"line":32,"column":63}},"line":32},"5":{"name":"completedHandler","decl":{"start":{"line":36,"column":9},"end":{"line":36,"column":25}},"loc":{"start":{"line":36,"column":37},"end":{"line":45,"column":1}},"line":36},"6":{"name":"(anonymous_6)","decl":{"start":{"line":37,"column":8},"end":{"line":37,"column":9}},"loc":{"start":{"line":38,"column":2},"end":{"line":44,"column":10}},"line":38},"7":{"name":"(anonymous_7)","decl":{"start":{"line":38,"column":56},"end":{"line":38,"column":57}},"loc":{"start":{"line":38,"column":66},"end":{"line":44,"column":3}},"line":38},"8":{"name":"(anonymous_8)","decl":{"start":{"line":53,"column":29},"end":{"line":53,"column":30}},"loc":{"start":{"line":54,"column":1},"end":{"line":60,"column":9}},"line":54},"9":{"name":"(anonymous_9)","decl":{"start":{"line":54,"column":40},"end":{"line":54,"column":41}},"loc":{"start":{"line":54,"column":48},"end":{"line":60,"column":2}},"line":54},"10":{"name":"(anonymous_10)","decl":{"start":{"line":64,"column":8},"end":{"line":64,"column":9}},"loc":{"start":{"line":64,"column":33},"end":{"line":67,"column":1}},"line":64}},"branchMap":{"0":{"loc":{"start":{"line":13,"column":1},"end":{"line":14,"column":71}},"type":"if","locations":[{"start":{"line":13,"column":1},"end":{"line":14,"column":71}},{"start":{},"end":{}}],"line":13},"1":{"loc":{"start":{"line":25,"column":1},"end":{"line":30,"column":2}},"type":"if","locations":[{"start":{"line":25,"column":1},"end":{"line":30,"column":2}},{"start":{},"end":{}}],"line":25},"2":{"loc":{"start":{"line":25,"column":5},"end":{"line":25,"column":40}},"type":"binary-expr","locations":[{"start":{"line":25,"column":5},"end":{"line":25,"column":30}},{"start":{"line":25,"column":34},"end":{"line":25,"column":40}}],"line":25},"3":{"loc":{"start":{"line":39,"column":3},"end":{"line":39,"column":35}},"type":"if","locations":[{"start":{"line":39,"column":3},"end":{"line":39,"column":35}},{"start":{},"end":{}}],"line":39},"4":{"loc":{"start":{"line":55,"column":2},"end":{"line":55,"column":48}},"type":"if","locations":[{"start":{"line":55,"column":2},"end":{"line":55,"column":48}},{"start":{},"end":{}}],"line":55},"5":{"loc":{"start":{"line":66,"column":12},"end":{"line":66,"column":33}},"type":"binary-expr","locations":[{"start":{"line":66,"column":12},"end":{"line":66,"column":26}},{"start":{"line":66,"column":30},"end":{"line":66,"column":33}}],"line":66}},"s":{"0":1,"1":1,"2":1,"3":1,"4":1,"5":1,"6":5,"7":2,"8":1,"9":3,"10":3,"11":2,"12":1,"13":4,"14":4,"15":2,"16":2,"17":2,"18":2,"19":2,"20":1,"21":2,"22":0,"23":0,"24":0,"25":0,"26":0,"27":0,"28":1,"29":1,"30":0,"31":0,"32":0,"33":0,"34":0,"35":0,"36":1,"37":5,"38":5,"39":1},"f":{"0":5,"1":1,"2":2,"3":4,"4":1,"5":2,"6":0,"7":0,"8":0,"9":0,"10":5},"b":{"0":[2,3],"1":[2,2],"2":[4,3],"3":[0,0],"4":[0,0],"5":[5,3]},"_coverageSchema":"1a1c01bbd47fc00a2c39e90264f33305004495a9","hash":"fd1d68366bb8ffe9e415625b6972fe682001ef03"}
,"/Users/shimoyama/Desktop/Practice/hands-on-node/ch08/todo-data-storage/file-system/index.js": {"path":"/Users/shimoyama/Desktop/Practice/hands-on-node/ch08/todo-data-storage/file-system/index.js","statementMap":{"0":{"start":{"line":2,"column":20},"end":{"line":2,"column":35}},"1":{"start":{"line":3,"column":49},"end":{"line":3,"column":71}},"2":{"start":{"line":5,"column":0},"end":{"line":15,"column":2}},"3":{"start":{"line":7,"column":15},"end":{"line":9,"column":2}},"4":{"start":{"line":8,"column":12},"end":{"line":8,"column":37}},"5":{"start":{"line":10,"column":1},"end":{"line":14,"column":3}},"6":{"start":{"line":12,"column":3},"end":{"line":12,"column":60}},"7":{"start":{"line":17,"column":0},"end":{"line":20,"column":69}},"8":{"start":{"line":18,"column":1},"end":{"line":20,"column":68}},"9":{"start":{"line":20,"column":17},"end":{"line":20,"column":67}},"10":{"start":{"line":20,"column":38},"end":{"line":20,"column":66}},"11":{"start":{"line":22,"column":0},"end":{"line":23,"column":65}},"12":{"start":{"line":23,"column":1},"end":{"line":23,"column":64}},"13":{"start":{"line":25,"column":0},"end":{"line":38,"column":2}},"14":{"start":{"line":26,"column":18},"end":{"line":26,"column":43}},"15":{"start":{"line":27,"column":1},"end":{"line":37,"column":3}},"16":{"start":{"line":29,"column":16},"end":{"line":32,"column":4}},"17":{"start":{"line":33,"column":3},"end":{"line":33,"column":69}},"18":{"start":{"line":33,"column":63},"end":{"line":33,"column":67}},"19":{"start":{"line":36,"column":12},"end":{"line":36,"column":62}},"20":{"start":{"line":40,"column":0},"end":{"line":45,"column":3}},"21":{"start":{"line":41,"column":1},"end":{"line":45,"column":2}},"22":{"start":{"line":42,"column":8},"end":{"line":42,"column":10}},"23":{"start":{"line":44,"column":12},"end":{"line":44,"column":62}}},"fnMap":{"0":{"name":"(anonymous_0)","decl":{"start":{"line":5,"column":19},"end":{"line":5,"column":20}},"loc":{"start":{"line":5,"column":31},"end":{"line":15,"column":1}},"line":5},"1":{"name":"(anonymous_1)","decl":{"start":{"line":8,"column":2},"end":{"line":8,"column":3}},"loc":{"start":{"line":8,"column":12},"end":{"line":8,"column":37}},"line":8},"2":{"name":"(anonymous_2)","decl":{"start":{"line":11,"column":12},"end":{"line":11,"column":13}},"loc":{"start":{"line":12,"column":3},"end":{"line":12,"column":60}},"line":12},"3":{"name":"(anonymous_3)","decl":{"start":{"line":17,"column":27},"end":{"line":17,"column":28}},"loc":{"start":{"line":18,"column":1},"end":{"line":20,"column":68}},"line":18},"4":{"name":"(anonymous_4)","decl":{"start":{"line":20,"column":8},"end":{"line":20,"column":9}},"loc":{"start":{"line":20,"column":17},"end":{"line":20,"column":67}},"line":20},"5":{"name":"(anonymous_5)","decl":{"start":{"line":20,"column":28},"end":{"line":20,"column":29}},"loc":{"start":{"line":20,"column":38},"end":{"line":20,"column":66}},"line":20},"6":{"name":"(anonymous_6)","decl":{"start":{"line":22,"column":17},"end":{"line":22,"column":18}},"loc":{"start":{"line":23,"column":1},"end":{"line":23,"column":64}},"line":23},"7":{"name":"(anonymous_7)","decl":{"start":{"line":25,"column":17},"end":{"line":25,"column":18}},"loc":{"start":{"line":25,"column":39},"end":{"line":38,"column":1}},"line":25},"8":{"name":"(anonymous_8)","decl":{"start":{"line":28,"column":2},"end":{"line":28,"column":3}},"loc":{"start":{"line":28,"column":15},"end":{"line":34,"column":3}},"line":28},"9":{"name":"(anonymous_9)","decl":{"start":{"line":33,"column":57},"end":{"line":33,"column":58}},"loc":{"start":{"line":33,"column":63},"end":{"line":33,"column":67}},"line":33},"10":{"name":"(anonymous_10)","decl":{"start":{"line":36,"column":2},"end":{"line":36,"column":3}},"loc":{"start":{"line":36,"column":12},"end":{"line":36,"column":62}},"line":36},"11":{"name":"(anonymous_11)","decl":{"start":{"line":40,"column":17},"end":{"line":40,"column":18}},"loc":{"start":{"line":41,"column":1},"end":{"line":45,"column":2}},"line":41},"12":{"name":"(anonymous_12)","decl":{"start":{"line":42,"column":2},"end":{"line":42,"column":3}},"loc":{"start":{"line":42,"column":8},"end":{"line":42,"column":10}},"line":42},"13":{"name":"(anonymous_13)","decl":{"start":{"line":44,"column":2},"end":{"line":44,"column":3}},"loc":{"start":{"line":44,"column":12},"end":{"line":44,"column":62}},"line":44}},"branchMap":{"0":{"loc":{"start":{"line":36,"column":12},"end":{"line":36,"column":62}},"type":"cond-expr","locations":[{"start":{"line":36,"column":36},"end":{"line":36,"column":40}},{"start":{"line":36,"column":43},"end":{"line":36,"column":62}}],"line":36},"1":{"loc":{"start":{"line":44,"column":12},"end":{"line":44,"column":62}},"type":"cond-expr","locations":[{"start":{"line":44,"column":36},"end":{"line":44,"column":40}},{"start":{"line":44,"column":43},"end":{"line":44,"column":62}}],"line":44}},"s":{"0":2,"1":2,"2":2,"3":21,"4":59,"5":21,"6":38,"7":2,"8":10,"9":10,"10":18,"11":2,"12":14,"13":2,"14":3,"15":3,"16":2,"17":2,"18":2,"19":1,"20":2,"21":15,"22":14,"23":1},"f":{"0":21,"1":59,"2":38,"3":10,"4":10,"5":18,"6":14,"7":3,"8":2,"9":2,"10":1,"11":15,"12":14,"13":1},"b":{"0":[1,0],"1":[1,0]},"_coverageSchema":"1a1c01bbd47fc00a2c39e90264f33305004495a9","hash":"6fe29e81ebe9d118e142fc0ce11106d726683f57"}
,"/Users/shimoyama/Desktop/Practice/hands-on-node/ch08/todo-data-storage/sqlite/index.js": {"path":"/Users/shimoyama/Desktop/Practice/hands-on-node/ch08/todo-data-storage/sqlite/index.js","statementMap":{"0":{"start":{"line":2,"column":22},"end":{"line":2,"column":37}},"1":{"start":{"line":3,"column":17},"end":{"line":3,"column":32}},"2":{"start":{"line":5,"column":1},"end":{"line":7,"column":32}},"3":{"start":{"line":10,"column":11},"end":{"line":10,"column":58}},"4":{"start":{"line":13,"column":14},"end":{"line":13,"column":40}},"5":{"start":{"line":14,"column":14},"end":{"line":23,"column":1}},"6":{"start":{"line":15,"column":1},"end":{"line":22,"column":3}},"7":{"start":{"line":16,"column":2},"end":{"line":21,"column":4}},"8":{"start":{"line":19,"column":4},"end":{"line":19,"column":38}},"9":{"start":{"line":24,"column":14},"end":{"line":24,"column":40}},"10":{"start":{"line":28,"column":0},"end":{"line":36,"column":3}},"11":{"start":{"line":34,"column":1},"end":{"line":34,"column":20}},"12":{"start":{"line":35,"column":1},"end":{"line":35,"column":17}},"13":{"start":{"line":42,"column":1},"end":{"line":42,"column":47}},"14":{"start":{"line":45,"column":0},"end":{"line":46,"column":65}},"15":{"start":{"line":46,"column":1},"end":{"line":46,"column":64}},"16":{"start":{"line":46,"column":44},"end":{"line":46,"column":63}},"17":{"start":{"line":50,"column":0},"end":{"line":53,"column":3}},"18":{"start":{"line":51,"column":1},"end":{"line":53,"column":2}},"19":{"start":{"line":52,"column":2},"end":{"line":52,"column":21}},"20":{"start":{"line":57,"column":0},"end":{"line":64,"column":2}},"21":{"start":{"line":58,"column":1},"end":{"line":63,"column":3}},"22":{"start":{"line":68,"column":0},"end":{"line":86,"column":2}},"23":{"start":{"line":69,"column":20},"end":{"line":69,"column":22}},"24":{"start":{"line":70,"column":16},"end":{"line":70,"column":18}},"25":{"start":{"line":71,"column":1},"end":{"line":76,"column":2}},"26":{"start":{"line":72,"column":2},"end":{"line":75,"column":3}},"27":{"start":{"line":73,"column":3},"end":{"line":73,"column":36}},"28":{"start":{"line":74,"column":3},"end":{"line":74,"column":31}},"29":{"start":{"line":77,"column":1},"end":{"line":77,"column":17}},"30":{"start":{"line":78,"column":1},"end":{"line":85,"column":3}},"31":{"start":{"line":82,"column":2},"end":{"line":84,"column":9}},"32":{"start":{"line":90,"column":0},"end":{"line":93,"column":3}},"33":{"start":{"line":91,"column":1},"end":{"line":93,"column":2}},"34":{"start":{"line":92,"column":2},"end":{"line":92,"column":27}}},"fnMap":{"0":{"name":"(anonymous_0)","decl":{"start":{"line":14,"column":14},"end":{"line":14,"column":15}},"loc":{"start":{"line":14,"column":26},"end":{"line":23,"column":1}},"line":14},"1":{"name":"(anonymous_1)","decl":{"start":{"line":15,"column":20},"end":{"line":15,"column":21}},"loc":{"start":{"line":16,"column":2},"end":{"line":21,"column":4}},"line":16},"2":{"name":"(anonymous_2)","decl":{"start":{"line":18,"column":3},"end":{"line":18,"column":4}},"loc":{"start":{"line":18,"column":18},"end":{"line":20,"column":4}},"line":18},"3":{"name":"(anonymous_3)","decl":{"start":{"line":32,"column":10},"end":{"line":32,"column":11}},"loc":{"start":{"line":32,"column":19},"end":{"line":36,"column":1}},"line":32},"4":{"name":"rowToTodo","decl":{"start":{"line":41,"column":9},"end":{"line":41,"column":18}},"loc":{"start":{"line":41,"column":24},"end":{"line":43,"column":1}},"line":41},"5":{"name":"(anonymous_5)","decl":{"start":{"line":45,"column":19},"end":{"line":45,"column":20}},"loc":{"start":{"line":46,"column":1},"end":{"line":46,"column":64}},"line":46},"6":{"name":"(anonymous_6)","decl":{"start":{"line":46,"column":34},"end":{"line":46,"column":35}},"loc":{"start":{"line":46,"column":44},"end":{"line":46,"column":63}},"line":46},"7":{"name":"(anonymous_7)","decl":{"start":{"line":50,"column":27},"end":{"line":50,"column":28}},"loc":{"start":{"line":51,"column":1},"end":{"line":53,"column":2}},"line":51},"8":{"name":"(anonymous_8)","decl":{"start":{"line":51,"column":65},"end":{"line":51,"column":66}},"loc":{"start":{"line":52,"column":2},"end":{"line":52,"column":21}},"line":52},"9":{"name":"(anonymous_9)","decl":{"start":{"line":57,"column":17},"end":{"line":57,"column":18}},"loc":{"start":{"line":57,"column":33},"end":{"line":64,"column":1}},"line":57},"10":{"name":"(anonymous_10)","decl":{"start":{"line":68,"column":17},"end":{"line":68,"column":18}},"loc":{"start":{"line":68,"column":33},"end":{"line":86,"column":1}},"line":68},"11":{"name":"(anonymous_11)","decl":{"start":{"line":81,"column":8},"end":{"line":81,"column":9}},"loc":{"start":{"line":82,"column":2},"end":{"line":84,"column":9}},"line":82},"12":{"name":"(anonymous_12)","decl":{"start":{"line":90,"column":17},"end":{"line":90,"column":18}},"loc":{"start":{"line":91,"column":1},"end":{"line":93,"column":2}},"line":91},"13":{"name":"(anonymous_13)","decl":{"start":{"line":91,"column":49},"end":{"line":91,"column":50}},"loc":{"start":{"line":92,"column":2},"end":{"line":92,"column":27}},"line":92}},"branchMap":{"0":{"loc":{"start":{"line":5,"column":1},"end":{"line":7,"column":32}},"type":"cond-expr","locations":[{"start":{"line":6,"column":4},"end":{"line":6,"column":22}},{"start":{"line":7,"column":4},"end":{"line":7,"column":32}}],"line":5},"1":{"loc":{"start":{"line":19,"column":4},"end":{"line":19,"column":37}},"type":"cond-expr","locations":[{"start":{"line":19,"column":10},"end":{"line":19,"column":21}},{"start":{"line":19,"column":24},"end":{"line":19,"column":37}}],"line":19},"2":{"loc":{"start":{"line":72,"column":2},"end":{"line":75,"column":3}},"type":"if","locations":[{"start":{"line":72,"column":2},"end":{"line":75,"column":3}},{"start":{},"end":{}}],"line":72},"3":{"loc":{"start":{"line":82,"column":2},"end":{"line":84,"column":9}},"type":"cond-expr","locations":[{"start":{"line":83,"column":5},"end":{"line":83,"column":65}},{"start":{"line":84,"column":5},"end":{"line":84,"column":9}}],"line":82},"4":{"loc":{"start":{"line":92,"column":2},"end":{"line":92,"column":27}},"type":"cond-expr","locations":[{"start":{"line":92,"column":18},"end":{"line":92,"column":20}},{"start":{"line":92,"column":23},"end":{"line":92,"column":27}}],"line":92}},"s":{"0":1,"1":1,"2":1,"3":1,"4":1,"5":1,"6":33,"7":33,"8":33,"9":1,"10":1,"11":0,"12":0,"13":31,"14":1,"15":11,"16":11,"17":1,"18":10,"19":10,"20":1,"21":14,"22":1,"23":3,"24":3,"25":3,"26":6,"27":3,"28":3,"29":3,"30":3,"31":3,"32":1,"33":15,"34":15},"f":{"0":33,"1":33,"2":33,"3":0,"4":31,"5":11,"6":11,"7":10,"8":10,"9":14,"10":3,"11":3,"12":15,"13":15},"b":{"0":[0,1],"1":[0,33],"2":[3,3],"3":[2,1],"4":[14,1]},"_coverageSchema":"1a1c01bbd47fc00a2c39e90264f33305004495a9","hash":"8534df40b33484bcd9bb350a624b2192a2bf0679"}
}
