TN:
SF:app.js
FN:12,(anonymous_0)
FN:14,(anonymous_1)
FN:19,(anonymous_2)
FN:23,(anonymous_3)
FN:32,(anonymous_4)
FN:36,completedHandler
FN:37,(anonymous_6)
FN:38,(anonymous_7)
FN:53,(anonymous_8)
FN:54,(anonymous_9)
FN:64,(anonymous_10)
FNF:11
FNH:7
FNDA:5,(anonymous_0)
FNDA:1,(anonymous_1)
FNDA:2,(anonymous_2)
FNDA:4,(anonymous_3)
FNDA:1,(anonymous_4)
FNDA:2,completedHandler
FNDA:0,(anonymous_6)
FNDA:0,(anonymous_7)
FNDA:0,(anonymous_8)
FNDA:0,(anonymous_9)
FNDA:5,(anonymous_10)
DA:2,1
DA:3,1
DA:5,1
DA:7,1
DA:9,1
DA:12,1
DA:13,5
DA:14,2
DA:16,3
DA:17,3
DA:19,2
DA:23,1
DA:24,4
DA:25,4
DA:27,2
DA:28,2
DA:29,2
DA:31,2
DA:32,2
DA:37,2
DA:38,0
DA:39,0
DA:41,0
DA:42,0
DA:43,0
DA:48,1
DA:53,1
DA:54,0
DA:55,0
DA:57,0
DA:58,0
DA:59,0
DA:64,1
DA:65,5
DA:66,5
DA:69,1
LF:36
LH:26
BRDA:13,0,0,2
BRDA:13,0,1,3
BRDA:25,1,0,2
BRDA:25,1,1,2
BRDA:25,2,0,4
BRDA:25,2,1,3
BRDA:39,3,0,0
BRDA:39,3,1,0
BRDA:55,4,0,0
BRDA:55,4,1,0
BRDA:66,5,0,5
BRDA:66,5,1,3
BRF:12
BRH:8
end_of_record
TN:
SF:file-system/index.js
FN:5,(anonymous_0)
FN:8,(anonymous_1)
FN:11,(anonymous_2)
FN:17,(anonymous_3)
FN:20,(anonymous_4)
FN:20,(anonymous_5)
FN:22,(anonymous_6)
FN:25,(anonymous_7)
FN:28,(anonymous_8)
FN:33,(anonymous_9)
FN:36,(anonymous_10)
FN:40,(anonymous_11)
FN:42,(anonymous_12)
FN:44,(anonymous_13)
FNF:14
FNH:14
FNDA:21,(anonymous_0)
FNDA:59,(anonymous_1)
FNDA:38,(anonymous_2)
FNDA:10,(anonymous_3)
FNDA:10,(anonymous_4)
FNDA:18,(anonymous_5)
FNDA:14,(anonymous_6)
FNDA:3,(anonymous_7)
FNDA:2,(anonymous_8)
FNDA:2,(anonymous_9)
FNDA:1,(anonymous_10)
FNDA:15,(anonymous_11)
FNDA:14,(anonymous_12)
FNDA:1,(anonymous_13)
DA:2,2
DA:3,2
DA:5,2
DA:7,21
DA:8,59
DA:10,21
DA:12,38
DA:17,2
DA:18,10
DA:20,18
DA:22,2
DA:23,14
DA:25,2
DA:26,3
DA:27,3
DA:29,2
DA:33,2
DA:36,1
DA:40,2
DA:41,15
DA:42,14
DA:44,1
LF:22
LH:22
BRDA:36,0,0,1
BRDA:36,0,1,0
BRDA:44,1,0,1
BRDA:44,1,1,0
BRF:4
BRH:2
end_of_record
TN:
SF:sqlite/index.js
FN:14,(anonymous_0)
FN:15,(anonymous_1)
FN:18,(anonymous_2)
FN:32,(anonymous_3)
FN:41,rowToTodo
FN:45,(anonymous_5)
FN:46,(anonymous_6)
FN:50,(anonymous_7)
FN:51,(anonymous_8)
FN:57,(anonymous_9)
FN:68,(anonymous_10)
FN:81,(anonymous_11)
FN:90,(anonymous_12)
FN:91,(anonymous_13)
FNF:14
FNH:13
FNDA:33,(anonymous_0)
FNDA:33,(anonymous_1)
FNDA:33,(anonymous_2)
FNDA:0,(anonymous_3)
FNDA:31,rowToTodo
FNDA:11,(anonymous_5)
FNDA:11,(anonymous_6)
FNDA:10,(anonymous_7)
FNDA:10,(anonymous_8)
FNDA:14,(anonymous_9)
FNDA:3,(anonymous_10)
FNDA:3,(anonymous_11)
FNDA:15,(anonymous_12)
FNDA:15,(anonymous_13)
DA:2,1
DA:3,1
DA:5,1
DA:10,1
DA:13,1
DA:14,1
DA:15,33
DA:16,33
DA:19,33
DA:24,1
DA:28,1
DA:34,0
DA:35,0
DA:42,31
DA:45,1
DA:46,11
DA:50,1
DA:51,10
DA:52,10
DA:57,1
DA:58,14
DA:68,1
DA:69,3
DA:70,3
DA:71,3
DA:72,6
DA:73,3
DA:74,3
DA:77,3
DA:78,3
DA:82,3
DA:90,1
DA:91,15
DA:92,15
LF:34
LH:32
BRDA:5,0,0,0
BRDA:5,0,1,1
BRDA:19,1,0,0
BRDA:19,1,1,33
BRDA:72,2,0,3
BRDA:72,2,1,3
BRDA:82,3,0,2
BRDA:82,3,1,1
BRDA:92,4,0,14
BRDA:92,4,1,1
BRF:10
BRH:8
end_of_record
